<?xml version="1.0" encoding="UTF-8"?>
<!-- Generated by org.testng.reporters.JUnitReportReporter -->
<testsuite skipped="0" hostname="INBOOK_X1_SLIM" name="TestNG.MultiData1" tests="4" failures="0" timestamp="08 Jul 2023 05:37:19 GMT" time="11.494" errors="0">
  <testcase name="logIn" time="2.735" classname="TestNG.MultiData1"/>
  <testcase name="logIn" time="3.845" classname="TestNG.MultiData1"/>
  <testcase name="logIn" time="2.355" classname="TestNG.MultiData1"/>
  <testcase name="logIn" time="2.559" classname="TestNG.MultiData1"/>
</testsuite> <!-- TestNG.MultiData1 -->
