<?xml version="1.0" encoding="UTF-8"?>
<!-- Generated by org.testng.reporters.JUnitReportReporter -->
<testsuite skipped="0" hostname="INBOOK_X1_SLIM" name="TestNG.Depends" tests="6" failures="0" timestamp="10 Jul 2023 10:03:36 GMT" time="0.016" errors="0">
  <testcase name="meeraArunsingh" time="0.000" classname="TestNG.Depends"/>
  <testcase name="arunSingh" time="0.000" classname="TestNG.Depends"/>
  <testcase name="arunSingh" time="0.000" classname="TestNG.Depends"/>
  <testcase name="arunSingh" time="0.000" classname="TestNG.Depends"/>
  <testcase name="arunSingh" time="0.000" classname="TestNG.Depends"/>
  <testcase name="arunSingh" time="0.016" classname="TestNG.Depends"/>
</testsuite> <!-- TestNG.Depends -->
