<?xml version="1.0" encoding="UTF-8"?>
<!-- Generated by org.testng.reporters.JUnitReportReporter -->
<testsuite skipped="0" hostname="INBOOK_X1_SLIM" name="TestNG.MultiData" tests="4" failures="0" timestamp="08 Jul 2023 05:42:42 GMT" time="10.988" errors="0">
  <testcase name="faceBook" time="3.471" classname="TestNG.MultiData"/>
  <testcase name="faceBook" time="2.538" classname="TestNG.MultiData"/>
  <testcase name="faceBook" time="2.418" classname="TestNG.MultiData"/>
  <testcase name="faceBook" time="2.561" classname="TestNG.MultiData"/>
</testsuite> <!-- TestNG.MultiData -->
