<?xml version="1.0" encoding="UTF-8"?>
<!-- Generated by org.testng.reporters.JUnitReportReporter -->
<testsuite skipped="0" hostname="INBOOK_X1_SLIM" name="TestNG.Priority" tests="9" failures="0" timestamp="08 Jul 2023 05:47:24 GMT" time="0.017" errors="0">
  <testcase name="bookHotel" time="0.008" classname="TestNG.Priority"/>
  <testcase name="bookingConformation" time="0.001" classname="TestNG.Priority"/>
  <testcase name="bookingConformation" time="0.001" classname="TestNG.Priority"/>
  <testcase name="bookingConformation" time="0.001" classname="TestNG.Priority"/>
  <testcase name="bookingConformation" time="0.001" classname="TestNG.Priority"/>
  <testcase name="bookingConformation" time="0.001" classname="TestNG.Priority"/>
  <testcase name="selectHotel" time="0.001" classname="TestNG.Priority"/>
  <testcase name="logIn" time="0.002" classname="TestNG.Priority"/>
  <testcase name="searchHotel" time="0.001" classname="TestNG.Priority"/>
</testsuite> <!-- TestNG.Priority -->
