<?xml version="1.0" encoding="UTF-8"?>
<!-- Generated by org.testng.reporters.JUnitReportReporter -->
<testsuite skipped="0" hostname="INBOOK_X1_SLIM" name="TestNG.GroupingDemo" tests="3" failures="0" timestamp="07 Jul 2023 09:06:56 GMT" time="0.016" errors="0">
  <testcase name="tc_09" time="0.000" classname="TestNG.GroupingDemo"/>
  <testcase name="tc_07" time="0.016" classname="TestNG.GroupingDemo"/>
  <testcase name="tc_08" time="0.000" classname="TestNG.GroupingDemo"/>
</testsuite> <!-- TestNG.GroupingDemo -->
