<?xml version="1.0" encoding="UTF-8"?>
<!-- Generated by org.testng.reporters.JUnitReportReporter -->
<testsuite skipped="0" hostname="INBOOK_X1_SLIM" name="TestNG.amazonSearch" tests="1" failures="0" timestamp="07 Jul 2023 08:48:22 GMT" time="8.949" errors="0">
  <testcase name="tc_01" time="8.949" classname="TestNG.amazonSearch"/>
</testsuite> <!-- TestNG.amazonSearch -->
