<?xml version="1.0" encoding="UTF-8"?>
<!-- Generated by org.testng.reporters.JUnitReportReporter -->
<testsuite skipped="0" hostname="INBOOK_X1_SLIM" name="TestNG.Sample1" tests="1" failures="0" timestamp="07 Jul 2023 08:43:01 GMT" time="32.490" errors="0">
  <testcase name="tc_01" time="32.490" classname="TestNG.Sample1"/>
</testsuite> <!-- TestNG.Sample1 -->
