<?xml version="1.0" encoding="UTF-8"?>
<!-- Generated by org.testng.reporters.JUnitReportReporter -->
<testsuite skipped="0" hostname="INBOOK_X1_SLIM" name="TestNG.Parameter" tests="1" failures="0" timestamp="08 Jul 2023 05:46:21 GMT" time="3.467" errors="0">
  <testcase name="logIn" time="3.467" classname="TestNG.Parameter"/>
</testsuite> <!-- TestNG.Parameter -->
